# JRE version: OpenJDK Runtime Environment Temurin-17.0.12+7 (17.0.12+7) (build 17.0.12+7)
# Java VM: OpenJDK 64-Bit Server VM Temurin-17.0.12+7 (17.0.12+7, mixed mode, emulated-client, tiered, compressed oops, compressed class ptrs, g1 gc, windows-amd64)
GC Precious Log:
 CPUs: 12 total, 12 available
 Memory: 7916M
 Large Page Support: Disabled
 NUMA Support: Disabled
 Compressed Oops: Enabled (32-bit)
 Heap Region Size: 1M
 Heap Min Capacity: 8M
 Heap Initial Capacity: 124M
 Heap Max Capacity: 1G
 Pre-touch: Disabled
 Parallel Workers: 10
 Concurrent Workers: 3
 Concurrent Refinement Workers: 10
 Periodic GC: Disabled
Heap:
 garbage-first heap   total 116736K, used 42191K [0x00000000c0000000, 0x0000000100000000)
  region size 1024K, 1 young (1024K), 0 survivors (0K)
 Metaspace       used 63202K, committed 63680K, reserved 1114112K
  class space    used 8017K, committed 8256K, reserved 1048576K
GC Heap History (20 events):
Event: 10687.809 GC heap after
{Heap after GC invocations=471 (full 385):
 garbage-first heap   total 116736K, used 42192K [0x00000000c0000000, 0x0000000100000000)
  region size 1024K, 0 young (0K), 0 survivors (0K)
 Metaspace       used 63202K, committed 63680K, reserved 1114112K
  class space    used 8017K, committed 8256K, reserved 1048576K
}
Event: 10698.051 GC heap before
{Heap before GC invocations=471 (full 385):
 garbage-first heap   total 116736K, used 42192K [0x00000000c0000000, 0x0000000100000000)
  region size 1024K, 1 young (1024K), 0 survivors (0K)
 Metaspace       used 63202K, committed 63680K, reserved 1114112K
  class space    used 8017K, committed 8256K, reserved 1048576K
}
Event: 10698.122 GC heap after
{Heap after GC invocations=472 (full 386):
 garbage-first heap   total 116736K, used 42192K [0x00000000c0000000, 0x0000000100000000)
  region size 1024K, 0 young (0K), 0 survivors (0K)
 Metaspace       used 63202K, committed 63680K, reserved 1114112K
  class space    used 8017K, committed 8256K, reserved 1048576K
}
Event: 10708.296 GC heap before
{Heap before GC invocations=472 (full 386):
 garbage-first heap   total 116736K, used 42192K [0x00000000c0000000, 0x0000000100000000)
  region size 1024K, 1 young (1024K), 0 survivors (0K)
 Metaspace       used 63202K, committed 63680K, reserved 1114112K
  class space    used 8017K, committed 8256K, reserved 1048576K
}
Event: 10708.370 GC heap after
{Heap after GC invocations=473 (full 387):
 garbage-first heap   total 116736K, used 42191K [0x00000000c0000000, 0x0000000100000000)
  region size 1024K, 0 young (0K), 0 survivors (0K)
 Metaspace       used 63202K, committed 63680K, reserved 1114112K
  class space    used 8017K, committed 8256K, reserved 1048576K
}
Event: 10718.541 GC heap before
{Heap before GC invocations=473 (full 387):
 garbage-first heap   total 116736K, used 42191K [0x00000000c0000000, 0x0000000100000000)
  region size 1024K, 1 young (1024K), 0 survivors (0K)
 Metaspace       used 63202K, committed 63680K, reserved 1114112K
  class space    used 8017K, committed 8256K, reserved 1048576K
}
Event: 10718.628 GC heap after
{Heap after GC invocations=474 (full 388):
 garbage-first heap   total 116736K, used 42191K [0x00000000c0000000, 0x0000000100000000)
  region size 1024K, 0 young (0K), 0 survivors (0K)
 Metaspace       used 63202K, committed 63680K, reserved 1114112K
  class space    used 8017K, committed 8256K, reserved 1048576K
}
Event: 10728.859 GC heap before
{Heap before GC invocations=474 (full 388):
 garbage-first heap   total 116736K, used 42191K [0x00000000c0000000, 0x0000000100000000)
  region size 1024K, 1 young (1024K), 0 survivors (0K)
 Metaspace       used 63202K, committed 63680K, reserved 1114112K
  class space    used 8017K, committed 8256K, reserved 1048576K
}
Event: 10728.931 GC heap after
{Heap after GC invocations=475 (full 389):
 garbage-first heap   total 116736K, used 42191K [0x00000000c0000000, 0x0000000100000000)
  region size 1024K, 0 young (0K), 0 survivors (0K)
 Metaspace       used 63202K, committed 63680K, reserved 1114112K
  class space    used 8017K, committed 8256K, reserved 1048576K
}
Event: 10739.182 GC heap before
{Heap before GC invocations=475 (full 389):
 garbage-first heap   total 116736K, used 42191K [0x00000000c0000000, 0x0000000100000000)
  region size 1024K, 1 young (1024K), 0 survivors (0K)
 Metaspace       used 63202K, committed 63680K, reserved 1114112K
  class space    used 8017K, committed 8256K, reserved 1048576K
}
Event: 10739.264 GC heap after
{Heap after GC invocations=476 (full 390):
 garbage-first heap   total 116736K, used 42191K [0x00000000c0000000, 0x0000000100000000)
  region size 1024K, 0 young (0K), 0 survivors (0K)
 Metaspace       used 63202K, committed 63680K, reserved 1114112K
  class space    used 8017K, committed 8256K, reserved 1048576K
}
Event: 10749.477 GC heap before
{Heap before GC invocations=476 (full 390):
 garbage-first heap   total 116736K, used 42191K [0x00000000c0000000, 0x0000000100000000)
  region size 1024K, 1 young (1024K), 0 survivors (0K)
 Metaspace       used 63202K, committed 63680K, reserved 1114112K
  class space    used 8017K, committed 8256K, reserved 1048576K
}
Event: 10749.550 GC heap after
{Heap after GC invocations=477 (full 391):
 garbage-first heap   total 116736K, used 42191K [0x00000000c0000000, 0x0000000100000000)
  region size 1024K, 0 young (0K), 0 survivors (0K)
 Metaspace       used 63202K, committed 63680K, reserved 1114112K
  class space    used 8017K, committed 8256K, reserved 1048576K
}
Event: 10759.744 GC heap before
{Heap before GC invocations=477 (full 391):
 garbage-first heap   total 116736K, used 42191K [0x00000000c0000000, 0x0000000100000000)
  region size 1024K, 1 young (1024K), 0 survivors (0K)
 Metaspace       used 63202K, committed 63680K, reserved 1114112K
  class space    used 8017K, committed 8256K, reserved 1048576K
}
Event: 10759.817 GC heap after
{Heap after GC invocations=478 (full 392):
 garbage-first heap   total 116736K, used 42191K [0x00000000c0000000, 0x0000000100000000)
  region size 1024K, 0 young (0K), 0 survivors (0K)
 Metaspace       used 63202K, committed 63680K, reserved 1114112K
  class space    used 8017K, committed 8256K, reserved 1048576K
}
Event: 10770.012 GC heap before
{Heap before GC invocations=478 (full 392):
 garbage-first heap   total 116736K, used 42191K [0x00000000c0000000, 0x0000000100000000)
  region size 1024K, 1 young (1024K), 0 survivors (0K)
 Metaspace       used 63202K, committed 63680K, reserved 1114112K
  class space    used 8017K, committed 8256K, reserved 1048576K
}
Event: 10770.093 GC heap after
{Heap after GC invocations=479 (full 393):
 garbage-first heap   total 116736K, used 42191K [0x00000000c0000000, 0x0000000100000000)
  region size 1024K, 0 young (0K), 0 survivors (0K)
 Metaspace       used 63202K, committed 63680K, reserved 1114112K
  class space    used 8017K, committed 8256K, reserved 1048576K
}
Event: 10780.330 GC heap before
{Heap before GC invocations=479 (full 393):
 garbage-first heap   total 116736K, used 42191K [0x00000000c0000000, 0x0000000100000000)
  region size 1024K, 1 young (1024K), 0 survivors (0K)
 Metaspace       used 63202K, committed 63680K, reserved 1114112K
  class space    used 8017K, committed 8256K, reserved 1048576K
}
Event: 10780.413 GC heap after
{Heap after GC invocations=480 (full 394):
 garbage-first heap   total 116736K, used 42191K [0x00000000c0000000, 0x0000000100000000)
  region size 1024K, 0 young (0K), 0 survivors (0K)
 Metaspace       used 63202K, committed 63680K, reserved 1114112K
  class space    used 8017K, committed 8256K, reserved 1048576K
}
Event: 10790.666 GC heap before
{Heap before GC invocations=480 (full 394):
 garbage-first heap   total 116736K, used 42191K [0x00000000c0000000, 0x0000000100000000)
  region size 1024K, 1 young (1024K), 0 survivors (0K)
 Metaspace       used 63202K, committed 63680K, reserved 1114112K
  class space    used 8017K, committed 8256K, reserved 1048576K
}

